INFO  22-11-08 20:42:47[main] [CoreApplication:55] - Starting CoreApplication using Java 11.0.11 on gang-inseong-ui-MacBookPro.local with PID 2018 (/Users/insung/SPRING_BOOT/study/spring-toy-shop/build/classes/java/main started by insung in /Users/insung/SPRING_BOOT/study/spring-toy-shop)
INFO  22-11-08 20:42:47[main] [CoreApplication:634] - No active profile set, falling back to 1 default profile: "default"
DEBUG 22-11-08 20:42:48[main] [LogFactory:109] - Logging initialized using 'class org.apache.ibatis.logging.slf4j.Slf4jImpl' adapter.
INFO  22-11-08 20:42:48[main] [TomcatWebServer:108] - Tomcat initialized with port(s): 8080 (http)
INFO  22-11-08 20:42:48[main] [Http11NioProtocol:173] - Initializing ProtocolHandler ["http-nio-8080"]
INFO  22-11-08 20:42:48[main] [StandardService:173] - Starting service [Tomcat]
INFO  22-11-08 20:42:48[main] [StandardEngine:173] - Starting Servlet engine: [Apache Tomcat/9.0.68]
INFO  22-11-08 20:42:49[main] [[/]:173] - Initializing Spring embedded WebApplicationContext
INFO  22-11-08 20:42:49[main] [ServletWebServerApplicationContext:292] - Root WebApplicationContext: initialization completed in 1162 ms
INFO  22-11-08 20:42:49[main] [WelcomePageHandlerMapping:57] - Adding welcome page template: index
INFO  22-11-08 20:42:49[main] [Http11NioProtocol:173] - Starting ProtocolHandler ["http-nio-8080"]
INFO  22-11-08 20:42:49[main] [TomcatWebServer:220] - Tomcat started on port(s): 8080 (http) with context path ''
INFO  22-11-08 20:42:49[main] [CoreApplication:61] - Started CoreApplication in 2.465 seconds (JVM running for 3.479)
INFO  22-11-08 20:43:14[http-nio-8080-exec-2] [[/]:173] - Initializing Spring DispatcherServlet 'dispatcherServlet'
INFO  22-11-08 20:43:14[http-nio-8080-exec-2] [DispatcherServlet:525] - Initializing Servlet 'dispatcherServlet'
INFO  22-11-08 20:43:14[http-nio-8080-exec-2] [DispatcherServlet:547] - Completed initialization in 1 ms
INFO  22-11-08 20:43:14[http-nio-8080-exec-2] [UserController:35] - user : {} UserDto(user_id=testID, user_pwd=null, pwd_chng_date=null, pwd_err_cnt=null, user_nm=null, email_addr=null, email_addr_dm=null, user_pose_yn=null, cert_xpry_yn=null, lkd_yn=null, leav_yn=null, reg_id=null, reg_date=null, chng_id=null, chng_date=null)
INFO  22-11-08 20:43:14[http-nio-8080-exec-2] [UserController:37] - 회원가입 완료 요청
INFO  22-11-08 20:43:47[main] [CoreApplication:55] - Starting CoreApplication using Java 11.0.11 on gang-inseong-ui-MacBookPro.local with PID 2047 (/Users/insung/SPRING_BOOT/study/spring-toy-shop/build/classes/java/main started by insung in /Users/insung/SPRING_BOOT/study/spring-toy-shop)
INFO  22-11-08 20:43:47[main] [CoreApplication:634] - No active profile set, falling back to 1 default profile: "default"
DEBUG 22-11-08 20:43:48[main] [LogFactory:109] - Logging initialized using 'class org.apache.ibatis.logging.slf4j.Slf4jImpl' adapter.
INFO  22-11-08 20:43:49[main] [TomcatWebServer:108] - Tomcat initialized with port(s): 8080 (http)
INFO  22-11-08 20:43:49[main] [Http11NioProtocol:173] - Initializing ProtocolHandler ["http-nio-8080"]
INFO  22-11-08 20:43:49[main] [StandardService:173] - Starting service [Tomcat]
INFO  22-11-08 20:43:49[main] [StandardEngine:173] - Starting Servlet engine: [Apache Tomcat/9.0.68]
INFO  22-11-08 20:43:49[main] [[/]:173] - Initializing Spring embedded WebApplicationContext
INFO  22-11-08 20:43:49[main] [ServletWebServerApplicationContext:292] - Root WebApplicationContext: initialization completed in 1225 ms
INFO  22-11-08 20:43:49[main] [WelcomePageHandlerMapping:57] - Adding welcome page template: index
INFO  22-11-08 20:43:49[main] [Http11NioProtocol:173] - Starting ProtocolHandler ["http-nio-8080"]
INFO  22-11-08 20:43:49[main] [TomcatWebServer:220] - Tomcat started on port(s): 8080 (http) with context path ''
INFO  22-11-08 20:43:49[main] [CoreApplication:61] - Started CoreApplication in 2.504 seconds (JVM running for 3.314)
INFO  22-11-08 20:47:31[main] [CoreApplication:55] - Starting CoreApplication using Java 11.0.11 on gang-inseong-ui-MacBookPro.local with PID 2090 (/Users/insung/SPRING_BOOT/study/spring-toy-shop/build/classes/java/main started by insung in /Users/insung/SPRING_BOOT/study/spring-toy-shop)
INFO  22-11-08 20:47:32[main] [CoreApplication:634] - No active profile set, falling back to 1 default profile: "default"
DEBUG 22-11-08 20:47:32[main] [LogFactory:109] - Logging initialized using 'class org.apache.ibatis.logging.slf4j.Slf4jImpl' adapter.
INFO  22-11-08 20:47:33[main] [TomcatWebServer:108] - Tomcat initialized with port(s): 8080 (http)
INFO  22-11-08 20:47:33[main] [Http11NioProtocol:173] - Initializing ProtocolHandler ["http-nio-8080"]
INFO  22-11-08 20:47:33[main] [StandardService:173] - Starting service [Tomcat]
INFO  22-11-08 20:47:33[main] [StandardEngine:173] - Starting Servlet engine: [Apache Tomcat/9.0.68]
INFO  22-11-08 20:47:33[main] [[/]:173] - Initializing Spring embedded WebApplicationContext
INFO  22-11-08 20:47:33[main] [ServletWebServerApplicationContext:292] - Root WebApplicationContext: initialization completed in 1254 ms
INFO  22-11-08 20:47:33[main] [WelcomePageHandlerMapping:57] - Adding welcome page template: index
INFO  22-11-08 20:47:34[main] [Http11NioProtocol:173] - Starting ProtocolHandler ["http-nio-8080"]
INFO  22-11-08 20:47:34[main] [TomcatWebServer:220] - Tomcat started on port(s): 8080 (http) with context path ''
INFO  22-11-08 20:47:34[main] [CoreApplication:61] - Started CoreApplication in 2.589 seconds (JVM running for 3.429)
INFO  22-11-08 20:48:02[main] [CoreApplication:55] - Starting CoreApplication using Java 11.0.11 on gang-inseong-ui-MacBookPro.local with PID 2096 (/Users/insung/SPRING_BOOT/study/spring-toy-shop/build/classes/java/main started by insung in /Users/insung/SPRING_BOOT/study/spring-toy-shop)
INFO  22-11-08 20:48:02[main] [CoreApplication:634] - No active profile set, falling back to 1 default profile: "default"
DEBUG 22-11-08 20:48:03[main] [LogFactory:109] - Logging initialized using 'class org.apache.ibatis.logging.slf4j.Slf4jImpl' adapter.
INFO  22-11-08 20:48:03[main] [TomcatWebServer:108] - Tomcat initialized with port(s): 8080 (http)
INFO  22-11-08 20:48:03[main] [Http11NioProtocol:173] - Initializing ProtocolHandler ["http-nio-8080"]
INFO  22-11-08 20:48:03[main] [StandardService:173] - Starting service [Tomcat]
INFO  22-11-08 20:48:03[main] [StandardEngine:173] - Starting Servlet engine: [Apache Tomcat/9.0.68]
INFO  22-11-08 20:48:03[main] [[/]:173] - Initializing Spring embedded WebApplicationContext
INFO  22-11-08 20:48:03[main] [ServletWebServerApplicationContext:292] - Root WebApplicationContext: initialization completed in 1116 ms
INFO  22-11-08 20:48:04[main] [WelcomePageHandlerMapping:57] - Adding welcome page template: index
INFO  22-11-08 20:48:04[main] [Http11NioProtocol:173] - Starting ProtocolHandler ["http-nio-8080"]
INFO  22-11-08 20:48:04[main] [TomcatWebServer:220] - Tomcat started on port(s): 8080 (http) with context path ''
INFO  22-11-08 20:48:04[main] [CoreApplication:61] - Started CoreApplication in 2.3 seconds (JVM running for 3.051)
INFO  22-11-08 20:48:08[http-nio-8080-exec-2] [[/]:173] - Initializing Spring DispatcherServlet 'dispatcherServlet'
INFO  22-11-08 20:48:08[http-nio-8080-exec-2] [DispatcherServlet:525] - Initializing Servlet 'dispatcherServlet'
INFO  22-11-08 20:48:08[http-nio-8080-exec-2] [DispatcherServlet:547] - Completed initialization in 1 ms
INFO  22-11-08 20:48:08[http-nio-8080-exec-2] [UserController:35] - user : {} UserDto(user_id=testID, pwd=testPW, pwd_chng_date=null, pwd_err_cnt=null, user_nm=null, email_addr=null, email_addr_dm=null, user_pose_yn=null, cert_xpry_yn=null, lkd_yn=null, leav_yn=null, reg_id=null, reg_date=null, chng_id=null, chng_date=null)
INFO  22-11-08 20:48:08[http-nio-8080-exec-2] [HikariDataSource:110] - HikariPool-1 - Starting...
INFO  22-11-08 20:48:09[http-nio-8080-exec-2] [HikariDataSource:123] - HikariPool-1 - Start completed.
ERROR 22-11-08 20:48:09[http-nio-8080-exec-2] [[dispatcherServlet]:175] - Servlet.service() for servlet [dispatcherServlet] in context with path [] threw exception [Request processing failed; nested exception is org.mybatis.spring.MyBatisSystemException: nested exception is org.apache.ibatis.exceptions.TooManyResultsException: Expected one result (or null) to be returned by selectOne(), but found: 3] with root cause
org.apache.ibatis.exceptions.TooManyResultsException: Expected one result (or null) to be returned by selectOne(), but found: 3
	at org.apache.ibatis.session.defaults.DefaultSqlSession.selectOne(DefaultSqlSession.java:80)
	at java.base/jdk.internal.reflect.NativeMethodAccessorImpl.invoke0(Native Method)
	at java.base/jdk.internal.reflect.NativeMethodAccessorImpl.invoke(NativeMethodAccessorImpl.java:62)
	at java.base/jdk.internal.reflect.DelegatingMethodAccessorImpl.invoke(DelegatingMethodAccessorImpl.java:43)
	at java.base/java.lang.reflect.Method.invoke(Method.java:566)
	at org.mybatis.spring.SqlSessionTemplate$SqlSessionInterceptor.invoke(SqlSessionTemplate.java:427)
	at com.sun.proxy.$Proxy64.selectOne(Unknown Source)
	at org.mybatis.spring.SqlSessionTemplate.selectOne(SqlSessionTemplate.java:160)
	at org.apache.ibatis.binding.MapperMethod.execute(MapperMethod.java:87)
	at org.apache.ibatis.binding.MapperProxy$PlainMethodInvoker.invoke(MapperProxy.java:145)
	at org.apache.ibatis.binding.MapperProxy.invoke(MapperProxy.java:86)
	at com.sun.proxy.$Proxy65.join(Unknown Source)
	at java.base/jdk.internal.reflect.NativeMethodAccessorImpl.invoke0(Native Method)
	at java.base/jdk.internal.reflect.NativeMethodAccessorImpl.invoke(NativeMethodAccessorImpl.java:62)
	at java.base/jdk.internal.reflect.DelegatingMethodAccessorImpl.invoke(DelegatingMethodAccessorImpl.java:43)
	at java.base/java.lang.reflect.Method.invoke(Method.java:566)
	at org.springframework.aop.support.AopUtils.invokeJoinpointUsingReflection(AopUtils.java:344)
	at org.springframework.aop.framework.ReflectiveMethodInvocation.invokeJoinpoint(ReflectiveMethodInvocation.java:198)
	at org.springframework.aop.framework.ReflectiveMethodInvocation.proceed(ReflectiveMethodInvocation.java:163)
	at org.springframework.dao.support.PersistenceExceptionTranslationInterceptor.invoke(PersistenceExceptionTranslationInterceptor.java:137)
	at org.springframework.aop.framework.ReflectiveMethodInvocation.proceed(ReflectiveMethodInvocation.java:186)
	at org.springframework.aop.framework.JdkDynamicAopProxy.invoke(JdkDynamicAopProxy.java:215)
	at com.sun.proxy.$Proxy66.join(Unknown Source)
	at com.insung.core.service.UserServiceImpl.join(UserServiceImpl.java:15)
	at com.insung.core.controller.UserController.postJoin(UserController.java:36)
	at java.base/jdk.internal.reflect.NativeMethodAccessorImpl.invoke0(Native Method)
	at java.base/jdk.internal.reflect.NativeMethodAccessorImpl.invoke(NativeMethodAccessorImpl.java:62)
	at java.base/jdk.internal.reflect.DelegatingMethodAccessorImpl.invoke(DelegatingMethodAccessorImpl.java:43)
	at java.base/java.lang.reflect.Method.invoke(Method.java:566)
	at org.springframework.web.method.support.InvocableHandlerMethod.doInvoke(InvocableHandlerMethod.java:205)
	at org.springframework.web.method.support.InvocableHandlerMethod.invokeForRequest(InvocableHandlerMethod.java:150)
	at org.springframework.web.servlet.mvc.method.annotation.ServletInvocableHandlerMethod.invokeAndHandle(ServletInvocableHandlerMethod.java:117)
	at org.springframework.web.servlet.mvc.method.annotation.RequestMappingHandlerAdapter.invokeHandlerMethod(RequestMappingHandlerAdapter.java:895)
	at org.springframework.web.servlet.mvc.method.annotation.RequestMappingHandlerAdapter.handleInternal(RequestMappingHandlerAdapter.java:808)
	at org.springframework.web.servlet.mvc.method.AbstractHandlerMethodAdapter.handle(AbstractHandlerMethodAdapter.java:87)
	at org.springframework.web.servlet.DispatcherServlet.doDispatch(DispatcherServlet.java:1071)
	at org.springframework.web.servlet.DispatcherServlet.doService(DispatcherServlet.java:964)
	at org.springframework.web.servlet.FrameworkServlet.processRequest(FrameworkServlet.java:1006)
	at org.springframework.web.servlet.FrameworkServlet.doPost(FrameworkServlet.java:909)
	at javax.servlet.http.HttpServlet.service(HttpServlet.java:696)
	at org.springframework.web.servlet.FrameworkServlet.service(FrameworkServlet.java:883)
	at javax.servlet.http.HttpServlet.service(HttpServlet.java:779)
	at org.apache.catalina.core.ApplicationFilterChain.internalDoFilter(ApplicationFilterChain.java:227)
	at org.apache.catalina.core.ApplicationFilterChain.doFilter(ApplicationFilterChain.java:162)
	at org.apache.tomcat.websocket.server.WsFilter.doFilter(WsFilter.java:53)
	at org.apache.catalina.core.ApplicationFilterChain.internalDoFilter(ApplicationFilterChain.java:189)
	at org.apache.catalina.core.ApplicationFilterChain.doFilter(ApplicationFilterChain.java:162)
	at org.springframework.security.web.FilterChainProxy$VirtualFilterChain.doFilter(FilterChainProxy.java:337)
	at org.springframework.security.web.access.intercept.FilterSecurityInterceptor.invoke(FilterSecurityInterceptor.java:115)
	at org.springframework.security.web.access.intercept.FilterSecurityInterceptor.doFilter(FilterSecurityInterceptor.java:81)
	at org.springframework.security.web.FilterChainProxy$VirtualFilterChain.doFilter(FilterChainProxy.java:346)
	at org.springframework.security.web.access.ExceptionTranslationFilter.doFilter(ExceptionTranslationFilter.java:122)
	at org.springframework.security.web.access.ExceptionTranslationFilter.doFilter(ExceptionTranslationFilter.java:116)
	at org.springframework.security.web.FilterChainProxy$VirtualFilterChain.doFilter(FilterChainProxy.java:346)
	at org.springframework.security.web.session.SessionManagementFilter.doFilter(SessionManagementFilter.java:126)
	at org.springframework.security.web.session.SessionManagementFilter.doFilter(SessionManagementFilter.java:81)
	at org.springframework.security.web.FilterChainProxy$VirtualFilterChain.doFilter(FilterChainProxy.java:346)
	at org.springframework.security.web.authentication.AnonymousAuthenticationFilter.doFilter(AnonymousAuthenticationFilter.java:109)
	at org.springframework.security.web.FilterChainProxy$VirtualFilterChain.doFilter(FilterChainProxy.java:346)
	at org.springframework.security.web.servletapi.SecurityContextHolderAwareRequestFilter.doFilter(SecurityContextHolderAwareRequestFilter.java:149)
	at org.springframework.security.web.FilterChainProxy$VirtualFilterChain.doFilter(FilterChainProxy.java:346)
	at org.springframework.security.web.savedrequest.RequestCacheAwareFilter.doFilter(RequestCacheAwareFilter.java:63)
	at org.springframework.security.web.FilterChainProxy$VirtualFilterChain.doFilter(FilterChainProxy.java:346)
	at org.springframework.security.web.authentication.ui.DefaultLogoutPageGeneratingFilter.doFilterInternal(DefaultLogoutPageGeneratingFilter.java:58)
	at org.springframework.web.filter.OncePerRequestFilter.doFilter(OncePerRequestFilter.java:117)
	at org.springframework.security.web.FilterChainProxy$VirtualFilterChain.doFilter(FilterChainProxy.java:346)
	at org.springframework.security.web.authentication.ui.DefaultLoginPageGeneratingFilter.doFilter(DefaultLoginPageGeneratingFilter.java:237)
	at org.springframework.security.web.authentication.ui.DefaultLoginPageGeneratingFilter.doFilter(DefaultLoginPageGeneratingFilter.java:223)
	at org.springframework.security.web.FilterChainProxy$VirtualFilterChain.doFilter(FilterChainProxy.java:346)
	at org.springframework.security.web.authentication.AbstractAuthenticationProcessingFilter.doFilter(AbstractAuthenticationProcessingFilter.java:223)
	at org.springframework.security.web.authentication.AbstractAuthenticationProcessingFilter.doFilter(AbstractAuthenticationProcessingFilter.java:217)
	at org.springframework.security.web.FilterChainProxy$VirtualFilterChain.doFilter(FilterChainProxy.java:346)
	at org.springframework.security.web.authentication.logout.LogoutFilter.doFilter(LogoutFilter.java:103)
	at org.springframework.security.web.authentication.logout.LogoutFilter.doFilter(LogoutFilter.java:89)
	at org.springframework.security.web.FilterChainProxy$VirtualFilterChain.doFilter(FilterChainProxy.java:346)
	at org.springframework.security.web.header.HeaderWriterFilter.doHeadersAfter(HeaderWriterFilter.java:90)
	at org.springframework.security.web.header.HeaderWriterFilter.doFilterInternal(HeaderWriterFilter.java:75)
	at org.springframework.web.filter.OncePerRequestFilter.doFilter(OncePerRequestFilter.java:117)
	at org.springframework.security.web.FilterChainProxy$VirtualFilterChain.doFilter(FilterChainProxy.java:346)
	at org.springframework.security.web.context.SecurityContextPersistenceFilter.doFilter(SecurityContextPersistenceFilter.java:112)
	at org.springframework.security.web.context.SecurityContextPersistenceFilter.doFilter(SecurityContextPersistenceFilter.java:82)
	at org.springframework.security.web.FilterChainProxy$VirtualFilterChain.doFilter(FilterChainProxy.java:346)
	at org.springframework.security.web.context.request.async.WebAsyncManagerIntegrationFilter.doFilterInternal(WebAsyncManagerIntegrationFilter.java:55)
	at org.springframework.web.filter.OncePerRequestFilter.doFilter(OncePerRequestFilter.java:117)
	at org.springframework.security.web.FilterChainProxy$VirtualFilterChain.doFilter(FilterChainProxy.java:346)
	at org.springframework.security.web.session.DisableEncodeUrlFilter.doFilterInternal(DisableEncodeUrlFilter.java:42)
	at org.springframework.web.filter.OncePerRequestFilter.doFilter(OncePerRequestFilter.java:117)
	at org.springframework.security.web.FilterChainProxy$VirtualFilterChain.doFilter(FilterChainProxy.java:346)
	at org.springframework.security.web.FilterChainProxy.doFilterInternal(FilterChainProxy.java:221)
	at org.springframework.security.web.FilterChainProxy.doFilter(FilterChainProxy.java:186)
	at org.springframework.web.filter.DelegatingFilterProxy.invokeDelegate(DelegatingFilterProxy.java:354)
	at org.springframework.web.filter.DelegatingFilterProxy.doFilter(DelegatingFilterProxy.java:267)
	at org.apache.catalina.core.ApplicationFilterChain.internalDoFilter(ApplicationFilterChain.java:189)
	at org.apache.catalina.core.ApplicationFilterChain.doFilter(ApplicationFilterChain.java:162)
	at org.springframework.web.filter.RequestContextFilter.doFilterInternal(RequestContextFilter.java:100)
	at org.springframework.web.filter.OncePerRequestFilter.doFilter(OncePerRequestFilter.java:117)
	at org.apache.catalina.core.ApplicationFilterChain.internalDoFilter(ApplicationFilterChain.java:189)
	at org.apache.catalina.core.ApplicationFilterChain.doFilter(ApplicationFilterChain.java:162)
	at org.springframework.web.filter.FormContentFilter.doFilterInternal(FormContentFilter.java:93)
	at org.springframework.web.filter.OncePerRequestFilter.doFilter(OncePerRequestFilter.java:117)
	at org.apache.catalina.core.ApplicationFilterChain.internalDoFilter(ApplicationFilterChain.java:189)
	at org.apache.catalina.core.ApplicationFilterChain.doFilter(ApplicationFilterChain.java:162)
	at org.springframework.web.filter.CharacterEncodingFilter.doFilterInternal(CharacterEncodingFilter.java:201)
	at org.springframework.web.filter.OncePerRequestFilter.doFilter(OncePerRequestFilter.java:117)
	at org.apache.catalina.core.ApplicationFilterChain.internalDoFilter(ApplicationFilterChain.java:189)
	at org.apache.catalina.core.ApplicationFilterChain.doFilter(ApplicationFilterChain.java:162)
	at org.apache.catalina.core.StandardWrapperValve.invoke(StandardWrapperValve.java:197)
	at org.apache.catalina.core.StandardContextValve.invoke(StandardContextValve.java:97)
	at org.apache.catalina.authenticator.AuthenticatorBase.invoke(AuthenticatorBase.java:541)
	at org.apache.catalina.core.StandardHostValve.invoke(StandardHostValve.java:135)
	at org.apache.catalina.valves.ErrorReportValve.invoke(ErrorReportValve.java:92)
	at org.apache.catalina.core.StandardEngineValve.invoke(StandardEngineValve.java:78)
	at org.apache.catalina.connector.CoyoteAdapter.service(CoyoteAdapter.java:360)
	at org.apache.coyote.http11.Http11Processor.service(Http11Processor.java:399)
	at org.apache.coyote.AbstractProcessorLight.process(AbstractProcessorLight.java:65)
	at org.apache.coyote.AbstractProtocol$ConnectionHandler.process(AbstractProtocol.java:893)
	at org.apache.tomcat.util.net.NioEndpoint$SocketProcessor.doRun(NioEndpoint.java:1789)
	at org.apache.tomcat.util.net.SocketProcessorBase.run(SocketProcessorBase.java:49)
	at org.apache.tomcat.util.threads.ThreadPoolExecutor.runWorker(ThreadPoolExecutor.java:1191)
	at org.apache.tomcat.util.threads.ThreadPoolExecutor$Worker.run(ThreadPoolExecutor.java:659)
	at org.apache.tomcat.util.threads.TaskThread$WrappingRunnable.run(TaskThread.java:61)
	at java.base/java.lang.Thread.run(Thread.java:829)
INFO  22-11-08 20:50:33[SpringApplicationShutdownHook] [HikariDataSource:350] - HikariPool-1 - Shutdown initiated...
INFO  22-11-08 20:50:33[SpringApplicationShutdownHook] [HikariDataSource:352] - HikariPool-1 - Shutdown completed.
INFO  22-11-08 20:50:36[main] [CoreApplication:55] - Starting CoreApplication using Java 11.0.11 on gang-inseong-ui-MacBookPro.local with PID 2141 (/Users/insung/SPRING_BOOT/study/spring-toy-shop/build/classes/java/main started by insung in /Users/insung/SPRING_BOOT/study/spring-toy-shop)
INFO  22-11-08 20:50:36[main] [CoreApplication:634] - No active profile set, falling back to 1 default profile: "default"
DEBUG 22-11-08 20:50:37[main] [LogFactory:109] - Logging initialized using 'class org.apache.ibatis.logging.slf4j.Slf4jImpl' adapter.
INFO  22-11-08 20:50:37[main] [TomcatWebServer:108] - Tomcat initialized with port(s): 8080 (http)
INFO  22-11-08 20:50:37[main] [Http11NioProtocol:173] - Initializing ProtocolHandler ["http-nio-8080"]
INFO  22-11-08 20:50:37[main] [StandardService:173] - Starting service [Tomcat]
INFO  22-11-08 20:50:37[main] [StandardEngine:173] - Starting Servlet engine: [Apache Tomcat/9.0.68]
INFO  22-11-08 20:50:37[main] [[/]:173] - Initializing Spring embedded WebApplicationContext
INFO  22-11-08 20:50:37[main] [ServletWebServerApplicationContext:292] - Root WebApplicationContext: initialization completed in 1169 ms
INFO  22-11-08 20:50:38[main] [WelcomePageHandlerMapping:57] - Adding welcome page template: index
INFO  22-11-08 20:50:38[main] [Http11NioProtocol:173] - Starting ProtocolHandler ["http-nio-8080"]
INFO  22-11-08 20:50:38[main] [TomcatWebServer:220] - Tomcat started on port(s): 8080 (http) with context path ''
INFO  22-11-08 20:50:38[main] [CoreApplication:61] - Started CoreApplication in 2.404 seconds (JVM running for 3.176)
INFO  22-11-08 20:50:39[http-nio-8080-exec-1] [[/]:173] - Initializing Spring DispatcherServlet 'dispatcherServlet'
INFO  22-11-08 20:50:39[http-nio-8080-exec-1] [DispatcherServlet:525] - Initializing Servlet 'dispatcherServlet'
INFO  22-11-08 20:50:39[http-nio-8080-exec-1] [DispatcherServlet:547] - Completed initialization in 2 ms
INFO  22-11-08 20:50:39[http-nio-8080-exec-1] [UserController:35] - user : {} UserDto(user_id=testID, pwd=testPW, pwd_chng_date=null, pwd_err_cnt=null, user_nm=null, email_addr=null, email_addr_dm=null, user_pose_yn=null, cert_xpry_yn=null, lkd_yn=null, leav_yn=null, reg_id=null, reg_date=null, chng_id=null, chng_date=null)
INFO  22-11-08 20:50:39[http-nio-8080-exec-1] [HikariDataSource:110] - HikariPool-1 - Starting...
INFO  22-11-08 20:50:40[http-nio-8080-exec-1] [HikariDataSource:123] - HikariPool-1 - Start completed.
INFO  22-11-08 20:50:40[http-nio-8080-exec-1] [UserController:37] - 회원가입 완료 요청 : UserDto(user_id=admin, pwd=$2a$10$Pr6BOrnPrhAg3FD4FskVReHdVylDPp0kPxXe6KOwf5wWS/LvyDoay, pwd_chng_date=null, pwd_err_cnt=0, user_nm=관리자, email_addr=관리자, email_addr_dm=null, user_pose_yn=null, cert_xpry_yn=N, lkd_yn=N, leav_yn=N, reg_id=SYS, reg_date=2022-11-01 10:49:42, chng_id=null, chng_date=null)
INFO  22-11-08 20:53:32[SpringApplicationShutdownHook] [HikariDataSource:350] - HikariPool-1 - Shutdown initiated...
INFO  22-11-08 20:53:32[SpringApplicationShutdownHook] [HikariDataSource:352] - HikariPool-1 - Shutdown completed.
INFO  22-11-08 20:53:35[main] [CoreApplication:55] - Starting CoreApplication using Java 11.0.11 on gang-inseong-ui-MacBookPro.local with PID 2171 (/Users/insung/SPRING_BOOT/study/spring-toy-shop/build/classes/java/main started by insung in /Users/insung/SPRING_BOOT/study/spring-toy-shop)
INFO  22-11-08 20:53:35[main] [CoreApplication:634] - No active profile set, falling back to 1 default profile: "default"
DEBUG 22-11-08 20:53:35[main] [LogFactory:109] - Logging initialized using 'class org.apache.ibatis.logging.slf4j.Slf4jImpl' adapter.
INFO  22-11-08 20:53:36[main] [TomcatWebServer:108] - Tomcat initialized with port(s): 8080 (http)
INFO  22-11-08 20:53:36[main] [Http11NioProtocol:173] - Initializing ProtocolHandler ["http-nio-8080"]
INFO  22-11-08 20:53:36[main] [StandardService:173] - Starting service [Tomcat]
INFO  22-11-08 20:53:36[main] [StandardEngine:173] - Starting Servlet engine: [Apache Tomcat/9.0.68]
INFO  22-11-08 20:53:36[main] [[/]:173] - Initializing Spring embedded WebApplicationContext
INFO  22-11-08 20:53:36[main] [ServletWebServerApplicationContext:292] - Root WebApplicationContext: initialization completed in 1179 ms
INFO  22-11-08 20:53:36[main] [WelcomePageHandlerMapping:57] - Adding welcome page template: index
INFO  22-11-08 20:53:37[main] [Http11NioProtocol:173] - Starting ProtocolHandler ["http-nio-8080"]
INFO  22-11-08 20:53:37[main] [TomcatWebServer:220] - Tomcat started on port(s): 8080 (http) with context path ''
INFO  22-11-08 20:53:37[main] [CoreApplication:61] - Started CoreApplication in 2.427 seconds (JVM running for 3.197)
INFO  22-11-08 20:53:53[main] [CoreApplication:55] - Starting CoreApplication using Java 11.0.11 on gang-inseong-ui-MacBookPro.local with PID 2177 (/Users/insung/SPRING_BOOT/study/spring-toy-shop/build/classes/java/main started by insung in /Users/insung/SPRING_BOOT/study/spring-toy-shop)
INFO  22-11-08 20:53:53[main] [CoreApplication:634] - No active profile set, falling back to 1 default profile: "default"
DEBUG 22-11-08 20:53:54[main] [LogFactory:109] - Logging initialized using 'class org.apache.ibatis.logging.slf4j.Slf4jImpl' adapter.
INFO  22-11-08 20:53:55[main] [TomcatWebServer:108] - Tomcat initialized with port(s): 8080 (http)
INFO  22-11-08 20:53:55[main] [Http11NioProtocol:173] - Initializing ProtocolHandler ["http-nio-8080"]
INFO  22-11-08 20:53:55[main] [StandardService:173] - Starting service [Tomcat]
INFO  22-11-08 20:53:55[main] [StandardEngine:173] - Starting Servlet engine: [Apache Tomcat/9.0.68]
INFO  22-11-08 20:53:55[main] [[/]:173] - Initializing Spring embedded WebApplicationContext
INFO  22-11-08 20:53:55[main] [ServletWebServerApplicationContext:292] - Root WebApplicationContext: initialization completed in 1217 ms
INFO  22-11-08 20:53:55[main] [WelcomePageHandlerMapping:57] - Adding welcome page template: index
INFO  22-11-08 20:53:55[main] [Http11NioProtocol:173] - Starting ProtocolHandler ["http-nio-8080"]
INFO  22-11-08 20:53:55[main] [TomcatWebServer:220] - Tomcat started on port(s): 8080 (http) with context path ''
INFO  22-11-08 20:53:56[main] [CoreApplication:61] - Started CoreApplication in 2.515 seconds (JVM running for 3.269)
INFO  22-11-08 20:54:52[http-nio-8080-exec-2] [[/]:173] - Initializing Spring DispatcherServlet 'dispatcherServlet'
INFO  22-11-08 20:54:52[http-nio-8080-exec-2] [DispatcherServlet:525] - Initializing Servlet 'dispatcherServlet'
INFO  22-11-08 20:54:52[http-nio-8080-exec-2] [DispatcherServlet:547] - Completed initialization in 2 ms
INFO  22-11-08 20:54:52[http-nio-8080-exec-2] [UserController:35] - user : {} UserDto(user_id=testID, pwd=testPW, pwd_chng_date=null, pwd_err_cnt=null, user_nm=null, email_addr=null, email_addr_dm=null, user_pose_yn=null, cert_xpry_yn=null, lkd_yn=null, leav_yn=null, reg_id=null, reg_date=null, chng_id=null, chng_date=null)
INFO  22-11-08 20:54:52[http-nio-8080-exec-2] [HikariDataSource:110] - HikariPool-1 - Starting...
INFO  22-11-08 20:54:52[http-nio-8080-exec-2] [HikariDataSource:123] - HikariPool-1 - Start completed.
INFO  22-11-08 20:54:52[http-nio-8080-exec-2] [UserController:37] - 회원가입 완료 요청 : null
INFO  22-11-08 20:55:03[http-nio-8080-exec-3] [UserController:35] - user : {} UserDto(user_id=admin, pwd=testPW, pwd_chng_date=null, pwd_err_cnt=null, user_nm=null, email_addr=null, email_addr_dm=null, user_pose_yn=null, cert_xpry_yn=null, lkd_yn=null, leav_yn=null, reg_id=null, reg_date=null, chng_id=null, chng_date=null)
INFO  22-11-08 20:55:03[http-nio-8080-exec-3] [UserController:37] - 회원가입 완료 요청 : UserDto(user_id=admin, pwd=$2a$10$Pr6BOrnPrhAg3FD4FskVReHdVylDPp0kPxXe6KOwf5wWS/LvyDoay, pwd_chng_date=null, pwd_err_cnt=0, user_nm=관리자, email_addr=관리자, email_addr_dm=null, user_pose_yn=null, cert_xpry_yn=N, lkd_yn=N, leav_yn=N, reg_id=SYS, reg_date=2022-11-01 10:49:42, chng_id=null, chng_date=null)
INFO  22-11-08 20:58:12[SpringApplicationShutdownHook] [HikariDataSource:350] - HikariPool-1 - Shutdown initiated...
INFO  22-11-08 20:58:12[SpringApplicationShutdownHook] [HikariDataSource:352] - HikariPool-1 - Shutdown completed.
INFO  22-11-08 20:58:15[main] [CoreApplication:55] - Starting CoreApplication using Java 11.0.11 on gang-inseong-ui-MacBookPro.local with PID 2199 (/Users/insung/SPRING_BOOT/study/spring-toy-shop/build/classes/java/main started by insung in /Users/insung/SPRING_BOOT/study/spring-toy-shop)
INFO  22-11-08 20:58:15[main] [CoreApplication:634] - No active profile set, falling back to 1 default profile: "default"
DEBUG 22-11-08 20:58:16[main] [LogFactory:109] - Logging initialized using 'class org.apache.ibatis.logging.slf4j.Slf4jImpl' adapter.
INFO  22-11-08 20:58:17[main] [TomcatWebServer:108] - Tomcat initialized with port(s): 8080 (http)
INFO  22-11-08 20:58:17[main] [Http11NioProtocol:173] - Initializing ProtocolHandler ["http-nio-8080"]
INFO  22-11-08 20:58:17[main] [StandardService:173] - Starting service [Tomcat]
INFO  22-11-08 20:58:17[main] [StandardEngine:173] - Starting Servlet engine: [Apache Tomcat/9.0.68]
INFO  22-11-08 20:58:17[main] [[/]:173] - Initializing Spring embedded WebApplicationContext
INFO  22-11-08 20:58:17[main] [ServletWebServerApplicationContext:292] - Root WebApplicationContext: initialization completed in 1198 ms
INFO  22-11-08 20:58:17[main] [WelcomePageHandlerMapping:57] - Adding welcome page template: index
INFO  22-11-08 20:58:18[main] [Http11NioProtocol:173] - Starting ProtocolHandler ["http-nio-8080"]
INFO  22-11-08 20:58:18[main] [TomcatWebServer:220] - Tomcat started on port(s): 8080 (http) with context path ''
INFO  22-11-08 20:58:18[main] [CoreApplication:61] - Started CoreApplication in 2.48 seconds (JVM running for 3.214)
INFO  22-11-08 20:58:20[http-nio-8080-exec-2] [[/]:173] - Initializing Spring DispatcherServlet 'dispatcherServlet'
INFO  22-11-08 20:58:20[http-nio-8080-exec-2] [DispatcherServlet:525] - Initializing Servlet 'dispatcherServlet'
INFO  22-11-08 20:58:20[http-nio-8080-exec-2] [DispatcherServlet:547] - Completed initialization in 2 ms
INFO  22-11-08 20:58:20[http-nio-8080-exec-2] [UserController:35] - user : {} UserDto(user_id=admin, pwd=testPW, pwd_chng_date=null, pwd_err_cnt=null, user_nm=null, email_addr=null, email_addr_dm=null, user_pose_yn=null, cert_xpry_yn=null, lkd_yn=null, leav_yn=null, reg_id=null, reg_date=null, chng_id=null, chng_date=null)
INFO  22-11-08 20:58:20[http-nio-8080-exec-2] [HikariDataSource:110] - HikariPool-1 - Starting...
INFO  22-11-08 20:58:20[http-nio-8080-exec-2] [HikariDataSource:123] - HikariPool-1 - Start completed.
INFO  22-11-08 20:58:20[http-nio-8080-exec-2] [UserController:37] - 회원가입 완료 요청 : null
WARN  22-11-08 21:16:03[HikariPool-1 housekeeper] [HikariPool:788] - HikariPool-1 - Thread starvation or clock leap detected (housekeeper delta=17m42s583ms).
WARN  22-11-08 21:46:19[HikariPool-1 housekeeper] [HikariPool:788] - HikariPool-1 - Thread starvation or clock leap detected (housekeeper delta=30m15s698ms).
INFO  22-11-08 21:46:24[http-nio-8080-exec-5] [UserController:35] - user : {} UserDto(user_id=admin, pwd=testPW, pwd_chng_date=null, pwd_err_cnt=null, user_nm=null, email_addr=null, email_addr_dm=null, user_pose_yn=null, cert_xpry_yn=null, lkd_yn=null, leav_yn=null, reg_id=null, reg_date=null, chng_id=null, chng_date=null)
INFO  22-11-08 21:46:24[http-nio-8080-exec-5] [UserController:37] - 회원가입 완료 요청 : null
INFO  22-11-08 21:46:34[SpringApplicationShutdownHook] [HikariDataSource:350] - HikariPool-1 - Shutdown initiated...
INFO  22-11-08 21:46:34[SpringApplicationShutdownHook] [HikariDataSource:352] - HikariPool-1 - Shutdown completed.
INFO  22-11-08 21:46:38[main] [CoreApplication:55] - Starting CoreApplication using Java 11.0.11 on gang-inseong-ui-MacBookPro.local with PID 2243 (/Users/insung/SPRING_BOOT/study/spring-toy-shop/build/classes/java/main started by insung in /Users/insung/SPRING_BOOT/study/spring-toy-shop)
INFO  22-11-08 21:46:38[main] [CoreApplication:634] - No active profile set, falling back to 1 default profile: "default"
DEBUG 22-11-08 21:46:39[main] [LogFactory:109] - Logging initialized using 'class org.apache.ibatis.logging.slf4j.Slf4jImpl' adapter.
INFO  22-11-08 21:46:39[main] [TomcatWebServer:108] - Tomcat initialized with port(s): 8080 (http)
INFO  22-11-08 21:46:39[main] [Http11NioProtocol:173] - Initializing ProtocolHandler ["http-nio-8080"]
INFO  22-11-08 21:46:39[main] [StandardService:173] - Starting service [Tomcat]
INFO  22-11-08 21:46:39[main] [StandardEngine:173] - Starting Servlet engine: [Apache Tomcat/9.0.68]
INFO  22-11-08 21:46:39[main] [[/]:173] - Initializing Spring embedded WebApplicationContext
INFO  22-11-08 21:46:39[main] [ServletWebServerApplicationContext:292] - Root WebApplicationContext: initialization completed in 1327 ms
INFO  22-11-08 21:46:40[main] [WelcomePageHandlerMapping:57] - Adding welcome page template: index
INFO  22-11-08 21:46:40[main] [Http11NioProtocol:173] - Starting ProtocolHandler ["http-nio-8080"]
INFO  22-11-08 21:46:40[main] [TomcatWebServer:220] - Tomcat started on port(s): 8080 (http) with context path ''
INFO  22-11-08 21:46:40[main] [CoreApplication:61] - Started CoreApplication in 2.588 seconds (JVM running for 3.331)
INFO  22-11-08 21:46:42[http-nio-8080-exec-1] [[/]:173] - Initializing Spring DispatcherServlet 'dispatcherServlet'
INFO  22-11-08 21:46:42[http-nio-8080-exec-1] [DispatcherServlet:525] - Initializing Servlet 'dispatcherServlet'
INFO  22-11-08 21:46:42[http-nio-8080-exec-1] [DispatcherServlet:547] - Completed initialization in 2 ms
INFO  22-11-08 21:46:42[http-nio-8080-exec-1] [UserController:35] - user : {} UserDto(user_id=admin, pwd=testPW, pwd_chng_date=null, pwd_err_cnt=null, user_nm=null, email_addr=null, email_addr_dm=null, user_pose_yn=null, cert_xpry_yn=null, lkd_yn=null, leav_yn=null, reg_id=null, reg_date=null, chng_id=null, chng_date=null)
INFO  22-11-08 21:46:42[http-nio-8080-exec-1] [HikariDataSource:110] - HikariPool-1 - Starting...
INFO  22-11-08 21:46:43[http-nio-8080-exec-1] [HikariDataSource:123] - HikariPool-1 - Start completed.
INFO  22-11-08 21:46:43[http-nio-8080-exec-1] [UserController:37] - 회원가입 완료 요청 : UserDto(user_id=admin, pwd=$2a$10$Pr6BOrnPrhAg3FD4FskVReHdVylDPp0kPxXe6KOwf5wWS/LvyDoay, pwd_chng_date=null, pwd_err_cnt=0, user_nm=관리자, email_addr=관리자, email_addr_dm=null, user_pose_yn=null, cert_xpry_yn=N, lkd_yn=N, leav_yn=N, reg_id=SYS, reg_date=2022-11-01 10:49:42, chng_id=null, chng_date=null)
INFO  22-11-08 21:46:55[SpringApplicationShutdownHook] [HikariDataSource:350] - HikariPool-1 - Shutdown initiated...
INFO  22-11-08 21:46:55[SpringApplicationShutdownHook] [HikariDataSource:352] - HikariPool-1 - Shutdown completed.
